platforms/android/app/build/outputs/logs/manifest-merger-debug-report.txt
-- Merging decision tree log ---
manifest
ADDED from src/main/AndroidManifest.xml:2:1-22:12
INJECTED from src/main/AndroidManifest.xml:2:1-22:12
INJECTED from src/main/AndroidManifest.xml:2:1-22:12
INJECTED from src/main/AndroidManifest.xml:2:1-22:12
MERGED from [com.locnavi:map:0.1.4] AndroidManifest.xml:2:1-50:12
MERGED from [:CordovaLib] AndroidManifest.xml:20:1-27:12
MERGED from [com.android.support:design:25.3.1] AndroidManifest.xml:17:1-31:12
MERGED from [com.locnavi:location:0.0.4] AndroidManifest.xml:2:1-28:12
MERGED from [com.android.support:appcompat-v7:25.3.1] AndroidManifest.xml:17:1-31:12
MERGED from [com.android.support:animated-vector-drawable:25.3.1] AndroidManifest.xml:17:1-28:12
MERGED from [com.android.support:support-vector-drawable:25.3.1] AndroidManifest.xml:17:1-28:12
MERGED from [com.android.support:recyclerview-v7:25.3.1] AndroidManifest.xml:17:1-26:12
MERGED from [com.android.support:transition:25.3.1] AndroidManifest.xml:17:1-28:12
MERGED from [com.android.support:support-v4:25.3.1] AndroidManifest.xml:17:1-31:12
MERGED from [com.android.support:support-fragment:25.3.1] AndroidManifest.xml:17:1-31:12
MERGED from [com.android.support:support-media-compat:25.3.1] AndroidManifest.xml:17:1-31:12
MERGED from [com.android.support:support-core-utils:25.3.1] AndroidManifest.xml:17:1-31:12
MERGED from [com.android.support:support-core-ui:25.3.1] AndroidManifest.xml:17:1-31:12
MERGED from [com.android.support:support-compat:25.3.1] AndroidManifest.xml:17:1-31:12
MERGED from [com.mixpanel.android:mixpanel-android:5.4.4] AndroidManifest.xml:2:1-108:12
MERGED from [com.orhanobut:logger:2.1.1] AndroidManifest.xml:2:1-8:12
INJECTED from src/main/AndroidManifest.xml:2:1-22:12
INJECTED from src/main/AndroidManifest.xml:2:1-22:12
INJECTED from src/main/AndroidManifest.xml:2:1-22:12
	package
		ADDED from src/main/AndroidManifest.xml:2:102-135
		INJECTED from src/main/AndroidManifest.xml
		INJECTED from src/main/AndroidManifest.xml
	android:versionName
		ADDED from src/main/AndroidManifest.xml:2:74-101
		INJECTED from src/main/AndroidManifest.xml
		INJECTED from src/main/AndroidManifest.xml
	android:hardwareAccelerated
		ADDED from src/main/AndroidManifest.xml:2:11-45
	xmlns:android
		ADDED from src/main/AndroidManifest.xml:2:136-194
	android:versionCode
		ADDED from src/main/AndroidManifest.xml:2:46-73
		INJECTED from src/main/AndroidManifest.xml
		INJECTED from src/main/AndroidManifest.xml
supports-screens
ADDED from src/main/AndroidManifest.xml:3:5-191
	android:largeScreens
		ADDED from src/main/AndroidManifest.xml:3:49-76
	android:smallScreens
		ADDED from src/main/AndroidManifest.xml:3:132-159
	android:normalScreens
		ADDED from src/main/AndroidManifest.xml:3:77-105
	android:xlargeScreens
		ADDED from src/main/AndroidManifest.xml:3:160-188
	android:resizeable
		ADDED from src/main/AndroidManifest.xml:3:106-131
	android:anyDensity
		ADDED from src/main/AndroidManifest.xml:3:23-48
uses-permission#android.permission.INTERNET
ADDED from src/main/AndroidManifest.xml:4:5-67
MERGED from [com.locnavi:map:0.1.4] AndroidManifest.xml:17:5-67
MERGED from [com.locnavi:map:0.1.4] AndroidManifest.xml:17:5-67
MERGED from [com.locnavi:location:0.0.4] AndroidManifest.xml:13:5-67
MERGED from [com.locnavi:location:0.0.4] AndroidManifest.xml:13:5-67
MERGED from [com.locnavi:location:0.0.4] AndroidManifest.xml:22:5-67
MERGED from [com.locnavi:location:0.0.4] AndroidManifest.xml:22:5-67
MERGED from [com.mixpanel.android:mixpanel-android:5.4.4] AndroidManifest.xml:10:5-67
MERGED from [com.mixpanel.android:mixpanel-android:5.4.4] AndroidManifest.xml:10:5-67
	android:name
		ADDED from src/main/AndroidManifest.xml:4:22-64
uses-permission#android.permission.BLUETOOTH
ADDED from src/main/AndroidManifest.xml:5:5-68
MERGED from [com.locnavi:map:0.1.4] AndroidManifest.xml:11:5-68
MERGED from [com.locnavi:map:0.1.4] AndroidManifest.xml:11:5-68
MERGED from [com.locnavi:location:0.0.4] AndroidManifest.xml:11:5-68
MERGED from [com.locnavi:location:0.0.4] AndroidManifest.xml:11:5-68
MERGED from [com.locnavi:location:0.0.4] AndroidManifest.xml:23:5-68
MERGED from [com.locnavi:location:0.0.4] AndroidManifest.xml:23:5-68
	android:name
		ADDED from src/main/AndroidManifest.xml:5:22-65
uses-permission#android.permission.READ_PHONE_STATE
ADDED from src/main/AndroidManifest.xml:6:5-75
MERGED from [com.locnavi:map:0.1.4] AndroidManifest.xml:16:5-75
MERGED from [com.locnavi:map:0.1.4] AndroidManifest.xml:16:5-75
MERGED from [com.locnavi:location:0.0.4] AndroidManifest.xml:12:5-75
MERGED from [com.locnavi:location:0.0.4] AndroidManifest.xml:12:5-75
	android:name
		ADDED from src/main/AndroidManifest.xml:6:22-72
uses-permission#android.permission.ACCESS_NETWORK_STATE
ADDED from src/main/AndroidManifest.xml:8:5-79
MERGED from [com.locnavi:map:0.1.4] AndroidManifest.xml:14:5-79
MERGED from [com.locnavi:map:0.1.4] AndroidManifest.xml:14:5-79
MERGED from [com.locnavi:map:0.1.4] AndroidManifest.xml:18:5-79
MERGED from [com.locnavi:map:0.1.4] AndroidManifest.xml:18:5-79
MERGED from [com.locnavi:location:0.0.4] AndroidManifest.xml:14:5-79
MERGED from [com.locnavi:location:0.0.4] AndroidManifest.xml:14:5-79
MERGED from [com.locnavi:location:0.0.4] AndroidManifest.xml:21:5-79
MERGED from [com.locnavi:location:0.0.4] AndroidManifest.xml:21:5-79
	android:name
		ADDED from src/main/AndroidManifest.xml:8:22-76
uses-permission#android.permission.CHANGE_WIFI_STATE
ADDED from src/main/AndroidManifest.xml:9:5-76
MERGED from [com.locnavi:map:0.1.4] AndroidManifest.xml:20:5-76
MERGED from [com.locnavi:map:0.1.4] AndroidManifest.xml:20:5-76
MERGED from [com.locnavi:location:0.0.4] AndroidManifest.xml:16:5-76
MERGED from [com.locnavi:location:0.0.4] AndroidManifest.xml:16:5-76
	android:name
		ADDED from src/main/AndroidManifest.xml:9:22-73
uses-permission#android.permission.WRITE_EXTERNAL_STORAGE
ADDED from src/main/AndroidManifest.xml:10:5-81
MERGED from [com.locnavi:map:0.1.4] AndroidManifest.xml:23:5-81
MERGED from [com.locnavi:map:0.1.4] AndroidManifest.xml:23:5-81
MERGED from [com.locnavi:location:0.0.4] AndroidManifest.xml:17:5-81
MERGED from [com.locnavi:location:0.0.4] AndroidManifest.xml:17:5-81
	android:name
		ADDED from src/main/AndroidManifest.xml:10:22-78
uses-permission#android.permission.WRITE_SETTINGS
ADDED from src/main/AndroidManifest.xml:11:5-73
MERGED from [com.locnavi:map:0.1.4] AndroidManifest.xml:24:5-73
MERGED from [com.locnavi:map:0.1.4] AndroidManifest.xml:24:5-73
MERGED from [com.locnavi:location:0.0.4] AndroidManifest.xml:18:5-73
MERGED from [com.locnavi:location:0.0.4] AndroidManifest.xml:18:5-73
	android:name
		ADDED from src/main/AndroidManifest.xml:11:22-70
uses-permission#android.permission.ACCESS_FINE_LOCATION
ADDED from src/main/AndroidManifest.xml:12:5-79
MERGED from [com.locnavi:location:0.0.4] AndroidManifest.xml:19:5-79
MERGED from [com.locnavi:location:0.0.4] AndroidManifest.xml:19:5-79
	android:name
		ADDED from src/main/AndroidManifest.xml:12:22-76
application
ADDED from src/main/AndroidManifest.xml:13:5-20:19
MERGED from [com.locnavi:map:0.1.4] AndroidManifest.xml:28:5-48:19
MERGED from [com.locnavi:map:0.1.4] AndroidManifest.xml:28:5-48:19
MERGED from [com.android.support:design:25.3.1] AndroidManifest.xml:29:5-20
MERGED from [com.android.support:design:25.3.1] AndroidManifest.xml:29:5-20
MERGED from [com.locnavi:location:0.0.4] AndroidManifest.xml:26:5-20
MERGED from [com.locnavi:location:0.0.4] AndroidManifest.xml:26:5-20
MERGED from [com.android.support:appcompat-v7:25.3.1] AndroidManifest.xml:29:5-20
MERGED from [com.android.support:appcompat-v7:25.3.1] AndroidManifest.xml:29:5-20
MERGED from [com.android.support:animated-vector-drawable:25.3.1] AndroidManifest.xml:26:5-20
MERGED from [com.android.support:animated-vector-drawable:25.3.1] AndroidManifest.xml:26:5-20
MERGED from [com.android.support:support-vector-drawable:25.3.1] AndroidManifest.xml:26:5-20
MERGED from [com.android.support:support-vector-drawable:25.3.1] AndroidManifest.xml:26:5-20
MERGED from [com.android.support:transition:25.3.1] AndroidManifest.xml:26:5-20
MERGED from [com.android.support:transition:25.3.1] AndroidManifest.xml:26:5-20
MERGED from [com.android.support:support-v4:25.3.1] AndroidManifest.xml:29:5-20
MERGED from [com.android.support:support-v4:25.3.1] AndroidManifest.xml:29:5-20
MERGED from [com.android.support:support-fragment:25.3.1] AndroidManifest.xml:29:5-20
MERGED from [com.android.support:support-fragment:25.3.1] AndroidManifest.xml:29:5-20
MERGED from [com.android.support:support-media-compat:25.3.1] AndroidManifest.xml:29:5-20
MERGED from [com.android.support:support-media-compat:25.3.1] AndroidManifest.xml:29:5-20
MERGED from [com.android.support:support-core-utils:25.3.1] AndroidManifest.xml:29:5-20
MERGED from [com.android.support:support-core-utils:25.3.1] AndroidManifest.xml:29:5-20
MERGED from [com.android.support:support-core-ui:25.3.1] AndroidManifest.xml:29:5-20
MERGED from [com.android.support:support-core-ui:25.3.1] AndroidManifest.xml:29:5-20
MERGED from [com.android.support:support-compat:25.3.1] AndroidManifest.xml:29:5-20
MERGED from [com.android.support:support-compat:25.3.1] AndroidManifest.xml:29:5-20
MERGED from [com.mixpanel.android:mixpanel-android:5.4.4] AndroidManifest.xml:36:5-106:19
MERGED from [com.mixpanel.android:mixpanel-android:5.4.4] AndroidManifest.xml:36:5-106:19
	android:supportsRtl
		ADDED from src/main/AndroidManifest.xml:13:134-160
	android:label
		ADDED from src/main/AndroidManifest.xml:13:81-113
	android:hardwareAccelerated
		ADDED from src/main/AndroidManifest.xml:13:18-52
	android:windowSoftInputMode
		ADDED from [com.locnavi:map:0.1.4] AndroidManifest.xml:31:9-60
	android:allowBackup
		ADDED from [com.locnavi:map:0.1.4] AndroidManifest.xml:29:9-35
	android:icon
		ADDED from src/main/AndroidManifest.xml:13:53-80
	android:name
		ADDED from src/main/AndroidManifest.xml:13:114-133
activity#com.xunji.xjmapsdk.demo.MainActivity
ADDED from src/main/AndroidManifest.xml:14:9-19:20
	android:label
		ADDED from src/main/AndroidManifest.xml:14:97-134
	android:launchMode
		ADDED from src/main/AndroidManifest.xml:14:135-165
	android:windowSoftInputMode
		ADDED from src/main/AndroidManifest.xml:14:257-299
	android:configChanges
		ADDED from src/main/AndroidManifest.xml:14:19-96
	android:theme
		ADDED from src/main/AndroidManifest.xml:14:194-256
	android:name
		ADDED from src/main/AndroidManifest.xml:14:166-193
intent-filter#android.intent.action.MAIN+android.intent.category.LAUNCHER
ADDED from src/main/AndroidManifest.xml:15:13-18:29
	android:label
		ADDED from src/main/AndroidManifest.xml:15:28-65
action#android.intent.action.MAIN
ADDED from src/main/AndroidManifest.xml:16:17-69
	android:name
		ADDED from src/main/AndroidManifest.xml:16:25-66
category#android.intent.category.LAUNCHER
ADDED from src/main/AndroidManifest.xml:17:17-77
	android:name
		ADDED from src/main/AndroidManifest.xml:17:27-74
uses-sdk
ADDED from src/main/AndroidManifest.xml:21:5-74
INJECTED from src/main/AndroidManifest.xml:21:5-74
MERGED from [com.locnavi:map:0.1.4] AndroidManifest.xml:7:5-9:41
MERGED from [com.locnavi:map:0.1.4] AndroidManifest.xml:7:5-9:41
MERGED from [:CordovaLib] AndroidManifest.xml:25:5-44
MERGED from [:CordovaLib] AndroidManifest.xml:25:5-44
MERGED from [com.android.support:design:25.3.1] AndroidManifest.xml:21:5-23:62
MERGED from [com.android.support:design:25.3.1] AndroidManifest.xml:21:5-23:62
MERGED from [com.locnavi:location:0.0.4] AndroidManifest.xml:7:5-9:41
MERGED from [com.locnavi:location:0.0.4] AndroidManifest.xml:7:5-9:41
MERGED from [com.android.support:appcompat-v7:25.3.1] AndroidManifest.xml:21:5-23:78
MERGED from [com.android.support:appcompat-v7:25.3.1] AndroidManifest.xml:21:5-23:78
MERGED from [com.android.support:animated-vector-drawable:25.3.1] AndroidManifest.xml:20:5-44
MERGED from [com.android.support:animated-vector-drawable:25.3.1] AndroidManifest.xml:20:5-44
MERGED from [com.android.support:support-vector-drawable:25.3.1] AndroidManifest.xml:20:5-43
MERGED from [com.android.support:support-vector-drawable:25.3.1] AndroidManifest.xml:20:5-43
MERGED from [com.android.support:recyclerview-v7:25.3.1] AndroidManifest.xml:20:5-43
MERGED from [com.android.support:recyclerview-v7:25.3.1] AndroidManifest.xml:20:5-43
MERGED from [com.android.support:transition:25.3.1] AndroidManifest.xml:20:5-44
MERGED from [com.android.support:transition:25.3.1] AndroidManifest.xml:20:5-44
MERGED from [com.android.support:support-v4:25.3.1] AndroidManifest.xml:21:5-23:54
MERGED from [com.android.support:support-v4:25.3.1] AndroidManifest.xml:21:5-23:54
MERGED from [com.android.support:support-fragment:25.3.1] AndroidManifest.xml:21:5-23:60
MERGED from [com.android.support:support-fragment:25.3.1] AndroidManifest.xml:21:5-23:60
MERGED from [com.android.support:support-media-compat:25.3.1] AndroidManifest.xml:21:5-23:63
MERGED from [com.android.support:support-media-compat:25.3.1] AndroidManifest.xml:21:5-23:63
MERGED from [com.android.support:support-core-utils:25.3.1] AndroidManifest.xml:21:5-23:61
MERGED from [com.android.support:support-core-utils:25.3.1] AndroidManifest.xml:21:5-23:61
MERGED from [com.android.support:support-core-ui:25.3.1] AndroidManifest.xml:21:5-23:58
MERGED from [com.android.support:support-core-ui:25.3.1] AndroidManifest.xml:21:5-23:58
MERGED from [com.android.support:support-compat:25.3.1] AndroidManifest.xml:21:5-23:58
MERGED from [com.android.support:support-compat:25.3.1] AndroidManifest.xml:21:5-23:58
MERGED from [com.mixpanel.android:mixpanel-android:5.4.4] AndroidManifest.xml:5:5-7:41
MERGED from [com.mixpanel.android:mixpanel-android:5.4.4] AndroidManifest.xml:5:5-7:41
MERGED from [com.orhanobut:logger:2.1.1] AndroidManifest.xml:6:5-43
MERGED from [com.orhanobut:logger:2.1.1] AndroidManifest.xml:6:5-43
INJECTED from src/main/AndroidManifest.xml:21:5-74
	tools:overrideLibrary
		ADDED from [com.android.support:design:25.3.1] AndroidManifest.xml:23:9-59
	android:targetSdkVersion
		ADDED from src/main/AndroidManifest.xml:21:42-71
	android:minSdkVersion
		ADDED from src/main/AndroidManifest.xml:21:15-41
		INJECTED from src/main/AndroidManifest.xml
		INJECTED from src/main/AndroidManifest.xml
uses-permission#android.permission.BLUETOOTH_ADMIN
ADDED from [com.locnavi:map:0.1.4] AndroidManifest.xml:12:5-74
MERGED from [com.locnavi:location:0.0.4] AndroidManifest.xml:24:5-74
MERGED from [com.locnavi:location:0.0.4] AndroidManifest.xml:24:5-74
	android:name
		ADDED from [com.locnavi:map:0.1.4] AndroidManifest.xml:12:22-71
uses-permission#android.permission.RECEIVE_BOOT_COMPLETED
ADDED from [com.locnavi:map:0.1.4] AndroidManifest.xml:13:5-81
MERGED from [com.locnavi:location:0.0.4] AndroidManifest.xml:20:5-81
MERGED from [com.locnavi:location:0.0.4] AndroidManifest.xml:20:5-81
	android:name
		ADDED from [com.locnavi:map:0.1.4] AndroidManifest.xml:13:22-78
uses-permission#android.permission.REQUEST_IGNORE_BATTERY_OPTIMIZATIONS
ADDED from [com.locnavi:map:0.1.4] AndroidManifest.xml:15:5-95
	android:name
		ADDED from [com.locnavi:map:0.1.4] AndroidManifest.xml:15:22-92
uses-permission#android.permission.ACCESS_WIFI_STATE
ADDED from [com.locnavi:map:0.1.4] AndroidManifest.xml:19:5-76
MERGED from [com.locnavi:location:0.0.4] AndroidManifest.xml:15:5-76
MERGED from [com.locnavi:location:0.0.4] AndroidManifest.xml:15:5-76
	android:name
		ADDED from [com.locnavi:map:0.1.4] AndroidManifest.xml:19:22-73
uses-permission#android.permission.READ_LOGS
ADDED from [com.locnavi:map:0.1.4] AndroidManifest.xml:21:5-68
	android:name
		ADDED from [com.locnavi:map:0.1.4] AndroidManifest.xml:21:22-65
uses-permission#android.permission.MODIFY_AUDIO_SETTINGS
ADDED from [com.locnavi:map:0.1.4] AndroidManifest.xml:22:5-80
	android:name
		ADDED from [com.locnavi:map:0.1.4] AndroidManifest.xml:22:22-77
uses-permission#android.permission.VIBRATE
ADDED from [com.locnavi:map:0.1.4] AndroidManifest.xml:25:5-66
	android:name
		ADDED from [com.locnavi:map:0.1.4] AndroidManifest.xml:25:22-63
uses-permission#android.permission.RECORD_AUDIO
ADDED from [com.locnavi:map:0.1.4] AndroidManifest.xml:26:5-71
	android:name
		ADDED from [com.locnavi:map:0.1.4] AndroidManifest.xml:26:22-68
activity#com.locnavi.map.ui.activity.XJMapActivity
ADDED from [com.locnavi:map:0.1.4] AndroidManifest.xml:32:9-37:63
	android:screenOrientation
		ADDED from [com.locnavi:map:0.1.4] AndroidManifest.xml:35:13-49
	android:launchMode
		ADDED from [com.locnavi:map:0.1.4] AndroidManifest.xml:34:13-44
	android:windowSoftInputMode
		ADDED from [com.locnavi:map:0.1.4] AndroidManifest.xml:37:13-60
	android:theme
		ADDED from [com.locnavi:map:0.1.4] AndroidManifest.xml:36:13-50
	android:name
		ADDED from [com.locnavi:map:0.1.4] AndroidManifest.xml:33:13-69
activity#com.locnavi.map.ui.activity.XJSearchActivity
ADDED from [com.locnavi:map:0.1.4] AndroidManifest.xml:38:9-42:58
	android:screenOrientation
		ADDED from [com.locnavi:map:0.1.4] AndroidManifest.xml:40:13-49
	android:windowSoftInputMode
		ADDED from [com.locnavi:map:0.1.4] AndroidManifest.xml:42:13-55
	android:theme
		ADDED from [com.locnavi:map:0.1.4] AndroidManifest.xml:41:13-50
	android:name
		ADDED from [com.locnavi:map:0.1.4] AndroidManifest.xml:39:13-72
activity#com.locnavi.map.ui.activity.XJFootprintActivity
ADDED from [com.locnavi:map:0.1.4] AndroidManifest.xml:43:9-47:53
	android:screenOrientation
		ADDED from [com.locnavi:map:0.1.4] AndroidManifest.xml:46:13-49
	android:launchMode
		ADDED from [com.locnavi:map:0.1.4] AndroidManifest.xml:45:13-44
	android:theme
		ADDED from [com.locnavi:map:0.1.4] AndroidManifest.xml:47:13-50
	android:name
		ADDED from [com.locnavi:map:0.1.4] AndroidManifest.xml:44:13-75
uses-permission#android.permission.READ_EXTERNAL_STORAGE
IMPLIED from src/main/AndroidManifest.xml:2:1-22:12 reason: com.locnavi.map requested WRITE_EXTERNAL_STORAGE
meta-data#android.support.VERSION
ADDED from [com.android.support:design:25.3.1] AndroidManifest.xml:25:5-27:34
MERGED from [com.android.support:appcompat-v7:25.3.1] AndroidManifest.xml:25:5-27:34
MERGED from [com.android.support:appcompat-v7:25.3.1] AndroidManifest.xml:25:5-27:34
MERGED from [com.android.support:animated-vector-drawable:25.3.1] AndroidManifest.xml:22:5-24:34
MERGED from [com.android.support:animated-vector-drawable:25.3.1] AndroidManifest.xml:22:5-24:34
MERGED from [com.android.support:support-vector-drawable:25.3.1] AndroidManifest.xml:22:5-24:34
MERGED from [com.android.support:support-vector-drawable:25.3.1] AndroidManifest.xml:22:5-24:34
MERGED from [com.android.support:recyclerview-v7:25.3.1] AndroidManifest.xml:22:5-24:34
MERGED from [com.android.support:recyclerview-v7:25.3.1] AndroidManifest.xml:22:5-24:34
MERGED from [com.android.support:transition:25.3.1] AndroidManifest.xml:22:5-24:34
MERGED from [com.android.support:transition:25.3.1] AndroidManifest.xml:22:5-24:34
MERGED from [com.android.support:support-v4:25.3.1] AndroidManifest.xml:25:5-27:34
MERGED from [com.android.support:support-v4:25.3.1] AndroidManifest.xml:25:5-27:34
MERGED from [com.android.support:support-fragment:25.3.1] AndroidManifest.xml:25:5-27:34
MERGED from [com.android.support:support-fragment:25.3.1] AndroidManifest.xml:25:5-27:34
MERGED from [com.android.support:support-media-compat:25.3.1] AndroidManifest.xml:25:5-27:34
MERGED from [com.android.support:support-media-compat:25.3.1] AndroidManifest.xml:25:5-27:34
MERGED from [com.android.support:support-core-utils:25.3.1] AndroidManifest.xml:25:5-27:34
MERGED from [com.android.support:support-core-utils:25.3.1] AndroidManifest.xml:25:5-27:34
MERGED from [com.android.support:support-core-ui:25.3.1] AndroidManifest.xml:25:5-27:34
MERGED from [com.android.support:support-core-ui:25.3.1] AndroidManifest.xml:25:5-27:34
MERGED from [com.android.support:support-compat:25.3.1] AndroidManifest.xml:25:5-27:34
MERGED from [com.android.support:support-compat:25.3.1] AndroidManifest.xml:25:5-27:34
	android:value
		ADDED from [com.android.support:design:25.3.1] AndroidManifest.xml:27:9-31
	android:name
		ADDED from [com.android.support:design:25.3.1] AndroidManifest.xml:26:9-47